<?xml version="1.0" encoding="UTF-8"?>
<!-- Generated by org.testng.reporters.JUnitXMLReporter -->
<testsuite hostname="swapnil-PC" ignored="1" name="Test" tests="3" failures="1" timestamp="28 Oct 2019 08:24:51 GMT" time="0.062" errors="0">
  <testcase name="div" time="0.016" classname="test.FirstDemo"/>
  <testcase name="mul" time="0.0" classname="test.FirstDemo"/>
  <testcase name="sub" time="0.0" classname="test.FirstDemo">
    <failure type="java.lang.AssertionError" message="expected [10] but found [20]">
      <![CDATA[java.lang.AssertionError: expected [10] but found [20]
at test.FirstDemo.sub(FirstDemo.java:27)
... Removed 31 stack frames]]>
    </failure>
  </testcase> <!-- sub -->
  <testcase name="sum" time="0.0" classname="test.FirstDemo">
    <ignored/>
  </testcase> <!-- sum -->
</testsuite> <!-- Test -->
